  texture.cpp
C:\3\vs\Win_Switch\win_switch_test2\GamepadManager _1.0\GamepadManager.h(1,1): warning C4819: 该文件包含不能在当前代码页(932)中表示的字符。请将该文件保存为 Unicode 格式以防止数据丢失
  (编译源文件“texture.cpp”)
  
  C:\Program Files (x86)\Windows Kits\10\Include\10.0.26100.0\um\dinput.h: DIRECTINPUT_VERSION undefined. Defaulting to version 0x0800
C:\3\vs\Win_Switch\win_switch_test2\GamepadManager _1.0\GamepadManager_DEDUG.h(1,1): warning C4819: 该文件包含不能在当前代码页(932)中表示的字符。请将该文件保存为 Unicode 格式以防止数据丢失
  (编译源文件“texture.cpp”)
  
C:\3\vs\Win_Switch\win_switch_test2\ffmpeg\include\libavutil\rational.h(1,1): warning C4819: 该文件包含不能在当前代码页(932)中表示的字符。请将该文件保存为 Unicode 格式以防止数据丢失
  (编译源文件“texture.cpp”)
  
C:\3\vs\Win_Switch\win_switch_test2\texture.cpp(61,27): warning C4566: 由通用字符名称“\u274C”表示的字符不能在当前代码页(932)中表示出来
C:\3\vs\Win_Switch\win_switch_test2\texture.cpp(67,27): warning C4566: 由通用字符名称“\u274C”表示的字符不能在当前代码页(932)中表示出来
C:\3\vs\Win_Switch\win_switch_test2\texture.cpp(97,30): warning C4566: 由通用字符名称“\u274C”表示的字符不能在当前代码页(932)中表示出来
C:\3\vs\Win_Switch\win_switch_test2\texture.cpp(117,30): warning C4566: 由通用字符名称“\u274C”表示的字符不能在当前代码页(932)中表示出来
C:\3\vs\Win_Switch\win_switch_test2\texture.cpp(145,42): warning C4566: 由通用字符名称“\u26A0”表示的字符不能在当前代码页(932)中表示出来
C:\3\vs\Win_Switch\win_switch_test2\texture.cpp(145,42): warning C4566: 由通用字符名称“\uFE0F”表示的字符不能在当前代码页(932)中表示出来
C:\3\vs\Win_Switch\win_switch_test2\texture.cpp(156,30): warning C4566: 由通用字符名称“\u274C”表示的字符不能在当前代码页(932)中表示出来
C:\3\vs\Win_Switch\win_switch_test2\texture.cpp(205,24): warning C4267: “return”: 从“size_t”转换到“unsigned int”，可能丢失数据
  正在生成代码
C:\3\vs\Win_Switch\win_switch_test2\texture.cpp(173): warning C4700: 使用了未初始化的局部变量“width”
C:\3\vs\Win_Switch\win_switch_test2\texture.cpp(174): warning C4700: 使用了未初始化的局部变量“height”
  43 of 992 functions ( 4.3%) were compiled, the rest were copied from previous compilation.
    7 functions were new in current compilation
    84 functions had inline decision re-evaluated but remain unchanged
  已完成代码的生成
  20250421_DX21.vcxproj -> C:\3\vs\Win_Switch\win_switch_test2\x64\Release\20250421_DX21.exe
